<?xml version="1.0" encoding="UTF-8"?>
<coverage generated="1744035032776" clover="3.2.0">
  <project timestamp="1744035032776" name="All files">
    <metrics statements="133" coveredstatements="119" conditionals="49" coveredconditionals="31" methods="26" coveredmethods="25" elements="208" coveredelements="175" complexity="0" loc="133" ncloc="133" packages="1" files="3" classes="3"/>
    <file name="Button.tsx" path="C:\LENA\Portfolio\React-Calculator\src\components\Button.tsx">
      <metrics statements="2" coveredstatements="2" conditionals="2" coveredconditionals="1" methods="1" coveredmethods="1"/>
      <line num="11" count="1" type="stmt"/>
      <line num="12" count="2880" type="stmt"/>
    </file>
    <file name="Field.tsx" path="C:\LENA\Portfolio\React-Calculator\src\components\Field.tsx">
      <metrics statements="129" coveredstatements="115" conditionals="47" coveredconditionals="30" methods="24" coveredmethods="23"/>
      <line num="7" count="1" type="stmt"/>
      <line num="8" count="164" type="stmt"/>
      <line num="9" count="164" type="stmt"/>
      <line num="10" count="164" type="stmt"/>
      <line num="12" count="164" type="stmt"/>
      <line num="13" count="164" type="stmt"/>
      <line num="14" count="164" type="stmt"/>
      <line num="16" count="164" type="stmt"/>
      <line num="17" count="164" type="stmt"/>
      <line num="19" count="164" type="stmt"/>
      <line num="20" count="164" type="stmt"/>
      <line num="21" count="164" type="stmt"/>
      <line num="22" count="164" type="stmt"/>
      <line num="23" count="164" type="stmt"/>
      <line num="24" count="164" type="stmt"/>
      <line num="27" count="35" type="stmt"/>
      <line num="28" count="35" type="stmt"/>
      <line num="31" count="35" type="cond" truecount="5" falsecount="0"/>
      <line num="33" count="5" type="stmt"/>
      <line num="34" count="5" type="stmt"/>
      <line num="36" count="6" type="stmt"/>
      <line num="37" count="6" type="stmt"/>
      <line num="39" count="3" type="stmt"/>
      <line num="40" count="3" type="stmt"/>
      <line num="42" count="3" type="cond" truecount="2" falsecount="0"/>
      <line num="43" count="1" type="stmt"/>
      <line num="44" count="1" type="stmt"/>
      <line num="45" count="1" type="stmt"/>
      <line num="46" count="1" type="stmt"/>
      <line num="47" count="1" type="stmt"/>
      <line num="49" count="2" type="stmt"/>
      <line num="50" count="2" type="stmt"/>
      <line num="52" count="18" type="stmt"/>
      <line num="54" count="16" type="cond" truecount="1" falsecount="1"/>
      <line num="57" count="164" type="stmt"/>
      <line num="58" count="26" type="stmt"/>
      <line num="59" count="26" type="stmt"/>
      <line num="60" count="26" type="stmt"/>
      <line num="62" count="26" type="cond" truecount="2" falsecount="0"/>
      <line num="64" count="19" type="stmt"/>
      <line num="66" count="19" type="cond" truecount="2" falsecount="0"/>
      <line num="67" count="19" type="stmt"/>
      <line num="68" count="19" type="stmt"/>
      <line num="71" count="26" type="stmt"/>
      <line num="72" count="26" type="stmt"/>
      <line num="75" count="164" type="stmt"/>
      <line num="77" count="164" type="stmt"/>
      <line num="78" count="59" type="cond" truecount="2" falsecount="0"/>
      <line num="79" count="59" type="stmt"/>
      <line num="81" count="59" type="stmt"/>
      <line num="83" count="59" type="cond" truecount="1" falsecount="1"/>
      <line num="84" count="59" type="stmt"/>
      <line num="88" count="164" type="stmt"/>
      <line num="89" count="5" type="stmt"/>
      <line num="90" count="5" type="stmt"/>
      <line num="91" count="5" type="stmt"/>
      <line num="92" count="5" type="stmt"/>
      <line num="95" count="164" type="stmt"/>
      <line num="98" count="5" type="cond" truecount="2" falsecount="0"/>
      <line num="99" count="3" type="cond" truecount="2" falsecount="0"/>
      <line num="101" count="2" type="stmt"/>
      <line num="104" count="5" type="stmt"/>
      <line num="105" count="5" type="stmt"/>
      <line num="107" count="5" type="cond" truecount="1" falsecount="1"/>
      <line num="108" count="5" type="stmt"/>
      <line num="112" count="164" type="stmt"/>
      <line num="113" count="5" type="cond" truecount="2" falsecount="0"/>
      <line num="114" count="3" type="stmt"/>
      <line num="115" count="3" type="stmt"/>
      <line num="116" count="3" type="stmt"/>
      <line num="117" count="3" type="stmt"/>
      <line num="118" count="2" type="cond" truecount="1" falsecount="1"/>
      <line num="119" count="2" type="stmt"/>
      <line num="120" count="2" type="stmt"/>
      <line num="121" count="2" type="stmt"/>
      <line num="125" count="164" type="stmt"/>
      <line num="126" count="16" type="cond" truecount="1" falsecount="1"/>
      <line num="129" count="16" type="stmt"/>
      <line num="131" count="16" type="cond" truecount="1" falsecount="1"/>
      <line num="132" count="0" type="stmt"/>
      <line num="135" count="16" type="cond" truecount="1" falsecount="1"/>
      <line num="136" count="0" type="stmt"/>
      <line num="139" count="16" type="stmt"/>
      <line num="141" count="16" type="stmt"/>
      <line num="142" count="16" type="stmt"/>
      <line num="143" count="16" type="stmt"/>
      <line num="144" count="16" type="stmt"/>
      <line num="147" count="164" type="stmt"/>
      <line num="149" count="164" type="stmt"/>
      <line num="150" count="49" type="stmt"/>
      <line num="151" count="49" type="stmt"/>
      <line num="154" count="164" type="stmt"/>
      <line num="155" count="153" type="cond" truecount="2" falsecount="0"/>
      <line num="156" count="49" type="stmt"/>
      <line num="157" count="49" type="stmt"/>
      <line num="160" count="104" type="stmt"/>
      <line num="163" count="164" type="stmt"/>
      <line num="164" count="93" type="stmt"/>
      <line num="167" count="164" type="stmt"/>
      <line num="168" count="88" type="stmt"/>
      <line num="171" count="164" type="stmt"/>
      <line num="172" count="49" type="stmt"/>
      <line num="173" count="0" type="cond" truecount="0" falsecount="8"/>
      <line num="175" count="0" type="stmt"/>
      <line num="176" count="0" type="stmt"/>
      <line num="181" count="0" type="stmt"/>
      <line num="182" count="0" type="stmt"/>
      <line num="184" count="0" type="stmt"/>
      <line num="185" count="0" type="stmt"/>
      <line num="187" count="0" type="stmt"/>
      <line num="188" count="0" type="stmt"/>
      <line num="190" count="0" type="cond" truecount="0" falsecount="2"/>
      <line num="191" count="0" type="stmt"/>
      <line num="193" count="0" type="stmt"/>
      <line num="197" count="49" type="stmt"/>
      <line num="199" count="49" type="stmt"/>
      <line num="200" count="49" type="stmt"/>
      <line num="204" count="164" type="stmt"/>
      <line num="214" count="5" type="stmt"/>
      <line num="219" count="5" type="stmt"/>
      <line num="224" count="1640" type="cond" truecount="2" falsecount="0"/>
      <line num="225" count="1476" type="stmt"/>
      <line num="230" count="52" type="stmt"/>
      <line num="232" count="164" type="stmt"/>
      <line num="237" count="7" type="stmt"/>
      <line num="245" count="5" type="stmt"/>
      <line num="252" count="656" type="stmt"/>
      <line num="257" count="26" type="stmt"/>
      <line num="266" count="16" type="stmt"/>
    </file>
    <file name="Result.tsx" path="C:\LENA\Portfolio\React-Calculator\src\components\Result.tsx">
      <metrics statements="2" coveredstatements="2" conditionals="0" coveredconditionals="0" methods="1" coveredmethods="1"/>
      <line num="8" count="1" type="stmt"/>
      <line num="9" count="160" type="stmt"/>
    </file>
  </project>
</coverage>
