{"C:\\LENA\\Portfolio\\React-Calculator\\src\\components\\Button.tsx": {"path":"C:\\LENA\\Portfolio\\React-Calculator\\src\\components\\Button.tsx","statementMap":{"0":{"start":{"line":11,"column":33},"end":{"line":21,"column":2}},"1":{"start":{"line":12,"column":4},"end":{"line":20,"column":5}}},"fnMap":{"0":{"name":"(anonymous_0)","decl":{"start":{"line":11,"column":44},"end":{"line":11,"column":45}},"loc":{"start":{"line":11,"column":81},"end":{"line":21,"column":1}},"line":11}},"branchMap":{"0":{"loc":{"start":{"line":14,"column":46},"end":{"line":14,"column":61}},"type":"binary-expr","locations":[{"start":{"line":14,"column":46},"end":{"line":14,"column":55}},{"start":{"line":14,"column":59},"end":{"line":14,"column":61}}],"line":14}},"s":{"0":1,"1":2880},"f":{"0":2880},"b":{"0":[2880,0]},"_coverageSchema":"1a1c01bbd47fc00a2c39e90264f33305004495a9","hash":"70c17bd623d30cd7bb40f36a7c10f3ebce287d05"}
,"C:\\LENA\\Portfolio\\React-Calculator\\src\\components\\Field.tsx": {"path":"C:\\LENA\\Portfolio\\React-Calculator\\src\\components\\Field.tsx","statementMap":{"0":{"start":{"line":7,"column":25},"end":{"line":271,"column":1}},"1":{"start":{"line":8,"column":56},"end":{"line":8,"column":76}},"2":{"start":{"line":9,"column":32},"end":{"line":9,"column":53}},"3":{"start":{"line":10,"column":28},"end":{"line":10,"column":48}},"4":{"start":{"line":12,"column":34},"end":{"line":12,"column":60}},"5":{"start":{"line":13,"column":22},"end":{"line":13,"column":36}},"6":{"start":{"line":14,"column":20},"end":{"line":14,"column":32}},"7":{"start":{"line":16,"column":44},"end":{"line":16,"column":65}},"8":{"start":{"line":17,"column":26},"end":{"line":17,"column":38}},"9":{"start":{"line":19,"column":37},"end":{"line":19,"column":87}},"10":{"start":{"line":20,"column":41},"end":{"line":20,"column":61}},"11":{"start":{"line":21,"column":33},"end":{"line":21,"column":37}},"12":{"start":{"line":22,"column":33},"end":{"line":22,"column":36}},"13":{"start":{"line":23,"column":31},"end":{"line":23,"column":34}},"14":{"start":{"line":24,"column":32},"end":{"line":24,"column":35}},"15":{"start":{"line":27,"column":18},"end":{"line":27,"column":33}},"16":{"start":{"line":28,"column":18},"end":{"line":28,"column":33}},"17":{"start":{"line":31,"column":8},"end":{"line":53,"column":9}},"18":{"start":{"line":33,"column":16},"end":{"line":33,"column":31}},"19":{"start":{"line":34,"column":16},"end":{"line":34,"column":22}},"20":{"start":{"line":36,"column":16},"end":{"line":36,"column":31}},"21":{"start":{"line":37,"column":16},"end":{"line":37,"column":22}},"22":{"start":{"line":39,"column":16},"end":{"line":39,"column":31}},"23":{"start":{"line":40,"column":16},"end":{"line":40,"column":22}},"24":{"start":{"line":42,"column":16},"end":{"line":48,"column":17}},"25":{"start":{"line":43,"column":20},"end":{"line":43,"column":43}},"26":{"start":{"line":44,"column":20},"end":{"line":44,"column":32}},"27":{"start":{"line":45,"column":20},"end":{"line":45,"column":35}},"28":{"start":{"line":46,"column":20},"end":{"line":46,"column":46}},"29":{"start":{"line":47,"column":20},"end":{"line":47,"column":33}},"30":{"start":{"line":49,"column":16},"end":{"line":49,"column":31}},"31":{"start":{"line":50,"column":16},"end":{"line":50,"column":22}},"32":{"start":{"line":52,"column":16},"end":{"line":52,"column":26}},"33":{"start":{"line":54,"column":8},"end":{"line":54,"column":77}},"34":{"start":{"line":57,"column":40},"end":{"line":73,"column":10}},"35":{"start":{"line":58,"column":40},"end":{"line":58,"column":69}},"36":{"start":{"line":59,"column":30},"end":{"line":59,"column":47}},"37":{"start":{"line":60,"column":28},"end":{"line":60,"column":43}},"38":{"start":{"line":62,"column":8},"end":{"line":69,"column":9}},"39":{"start":{"line":64,"column":16},"end":{"line":65,"column":72}},"40":{"start":{"line":66,"column":30},"end":{"line":66,"column":95}},"41":{"start":{"line":67,"column":12},"end":{"line":67,"column":33}},"42":{"start":{"line":68,"column":12},"end":{"line":68,"column":39}},"43":{"start":{"line":71,"column":8},"end":{"line":71,"column":34}},"44":{"start":{"line":72,"column":8},"end":{"line":72,"column":23}},"45":{"start":{"line":75,"column":43},"end":{"line":75,"column":78}},"46":{"start":{"line":77,"column":36},"end":{"line":86,"column":9}},"47":{"start":{"line":78,"column":25},"end":{"line":78,"column":110}},"48":{"start":{"line":79,"column":8},"end":{"line":79,"column":49}},"49":{"start":{"line":81,"column":8},"end":{"line":81,"column":40}},"50":{"start":{"line":83,"column":8},"end":{"line":85,"column":9}},"51":{"start":{"line":84,"column":12},"end":{"line":84,"column":38}},"52":{"start":{"line":88,"column":35},"end":{"line":93,"column":10}},"53":{"start":{"line":89,"column":8},"end":{"line":89,"column":23}},"54":{"start":{"line":90,"column":8},"end":{"line":90,"column":34}},"55":{"start":{"line":91,"column":8},"end":{"line":91,"column":29}},"56":{"start":{"line":92,"column":8},"end":{"line":92,"column":20}},"57":{"start":{"line":95,"column":33},"end":{"line":110,"column":10}},"58":{"start":{"line":98,"column":8},"end":{"line":102,"column":9}},"59":{"start":{"line":99,"column":12},"end":{"line":99,"column":105}},"60":{"start":{"line":101,"column":12},"end":{"line":101,"column":53}},"61":{"start":{"line":104,"column":8},"end":{"line":104,"column":49}},"62":{"start":{"line":105,"column":8},"end":{"line":105,"column":40}},"63":{"start":{"line":107,"column":8},"end":{"line":109,"column":9}},"64":{"start":{"line":108,"column":12},"end":{"line":108,"column":38}},"65":{"start":{"line":112,"column":34},"end":{"line":123,"column":10}},"66":{"start":{"line":113,"column":8},"end":{"line":122,"column":9}},"67":{"start":{"line":114,"column":29},"end":{"line":114,"column":84}},"68":{"start":{"line":115,"column":12},"end":{"line":115,"column":53}},"69":{"start":{"line":116,"column":12},"end":{"line":116,"column":44}},"70":{"start":{"line":117,"column":12},"end":{"line":117,"column":38}},"71":{"start":{"line":118,"column":15},"end":{"line":122,"column":9}},"72":{"start":{"line":119,"column":30},"end":{"line":119,"column":73}},"73":{"start":{"line":120,"column":12},"end":{"line":120,"column":33}},"74":{"start":{"line":121,"column":12},"end":{"line":121,"column":39}},"75":{"start":{"line":125,"column":35},"end":{"line":145,"column":10}},"76":{"start":{"line":126,"column":30},"end":{"line":128,"column":31}},"77":{"start":{"line":129,"column":28},"end":{"line":129,"column":43}},"78":{"start":{"line":131,"column":8},"end":{"line":133,"column":9}},"79":{"start":{"line":132,"column":12},"end":{"line":132,"column":19}},"80":{"start":{"line":135,"column":8},"end":{"line":137,"column":9}},"81":{"start":{"line":136,"column":12},"end":{"line":136,"column":19}},"82":{"start":{"line":139,"column":34},"end":{"line":139,"column":109}},"83":{"start":{"line":141,"column":8},"end":{"line":141,"column":29}},"84":{"start":{"line":142,"column":8},"end":{"line":142,"column":35}},"85":{"start":{"line":143,"column":8},"end":{"line":143,"column":34}},"86":{"start":{"line":144,"column":8},"end":{"line":144,"column":20}},"87":{"start":{"line":147,"column":38},"end":{"line":147,"column":68}},"88":{"start":{"line":149,"column":4},"end":{"line":152,"column":60}},"89":{"start":{"line":150,"column":8},"end":{"line":150,"column":77}},"90":{"start":{"line":151,"column":8},"end":{"line":151,"column":67}},"91":{"start":{"line":154,"column":4},"end":{"line":161,"column":29}},"92":{"start":{"line":155,"column":8},"end":{"line":158,"column":9}},"93":{"start":{"line":156,"column":12},"end":{"line":156,"column":42}},"94":{"start":{"line":157,"column":12},"end":{"line":157,"column":19}},"95":{"start":{"line":160,"column":8},"end":{"line":160,"column":59}},"96":{"start":{"line":163,"column":4},"end":{"line":165,"column":15}},"97":{"start":{"line":164,"column":8},"end":{"line":164,"column":31}},"98":{"start":{"line":167,"column":4},"end":{"line":169,"column":15}},"99":{"start":{"line":168,"column":8},"end":{"line":168,"column":35}},"100":{"start":{"line":171,"column":4},"end":{"line":202,"column":80}},"101":{"start":{"line":172,"column":30},"end":{"line":195,"column":9}},"102":{"start":{"line":173,"column":12},"end":{"line":194,"column":13}},"103":{"start":{"line":175,"column":20},"end":{"line":175,"column":56}},"104":{"start":{"line":176,"column":20},"end":{"line":176,"column":26}},"105":{"start":{"line":181,"column":20},"end":{"line":181,"column":70}},"106":{"start":{"line":182,"column":20},"end":{"line":182,"column":26}},"107":{"start":{"line":184,"column":20},"end":{"line":184,"column":43}},"108":{"start":{"line":185,"column":20},"end":{"line":185,"column":26}},"109":{"start":{"line":187,"column":20},"end":{"line":187,"column":45}},"110":{"start":{"line":188,"column":20},"end":{"line":188,"column":26}},"111":{"start":{"line":190,"column":20},"end":{"line":192,"column":21}},"112":{"start":{"line":191,"column":24},"end":{"line":191,"column":58}},"113":{"start":{"line":193,"column":20},"end":{"line":193,"column":26}},"114":{"start":{"line":197,"column":8},"end":{"line":197,"column":58}},"115":{"start":{"line":199,"column":8},"end":{"line":201,"column":9}},"116":{"start":{"line":200,"column":12},"end":{"line":200,"column":65}},"117":{"start":{"line":204,"column":4},"end":{"line":270,"column":11}},"118":{"start":{"line":214,"column":45},"end":{"line":214,"column":69}},"119":{"start":{"line":219,"column":45},"end":{"line":219,"column":68}},"120":{"start":{"line":224,"column":24},"end":{"line":238,"column":25}},"121":{"start":{"line":225,"column":28},"end":{"line":230,"column":87}},"122":{"start":{"line":230,"column":53},"end":{"line":230,"column":83}},"123":{"start":{"line":232,"column":28},"end":{"line":237,"column":87}},"124":{"start":{"line":237,"column":53},"end":{"line":237,"column":83}},"125":{"start":{"line":245,"column":39},"end":{"line":245,"column":61}},"126":{"start":{"line":252,"column":24},"end":{"line":257,"column":91}},"127":{"start":{"line":257,"column":53},"end":{"line":257,"column":87}},"128":{"start":{"line":266,"column":41},"end":{"line":266,"column":65}}},"fnMap":{"0":{"name":"(anonymous_0)","decl":{"start":{"line":7,"column":25},"end":{"line":7,"column":26}},"loc":{"start":{"line":7,"column":31},"end":{"line":271,"column":1}},"line":7},"1":{"name":"arithmeticAction","decl":{"start":{"line":26,"column":13},"end":{"line":26,"column":29}},"loc":{"start":{"line":26,"column":94},"end":{"line":55,"column":5}},"line":26},"2":{"name":"(anonymous_2)","decl":{"start":{"line":57,"column":52},"end":{"line":57,"column":53}},"loc":{"start":{"line":57,"column":71},"end":{"line":73,"column":5}},"line":57},"3":{"name":"(anonymous_3)","decl":{"start":{"line":77,"column":48},"end":{"line":77,"column":49}},"loc":{"start":{"line":77,"column":67},"end":{"line":86,"column":5}},"line":77},"4":{"name":"(anonymous_4)","decl":{"start":{"line":88,"column":47},"end":{"line":88,"column":48}},"loc":{"start":{"line":88,"column":53},"end":{"line":93,"column":5}},"line":88},"5":{"name":"(anonymous_5)","decl":{"start":{"line":95,"column":45},"end":{"line":95,"column":46}},"loc":{"start":{"line":95,"column":51},"end":{"line":110,"column":5}},"line":95},"6":{"name":"(anonymous_6)","decl":{"start":{"line":112,"column":46},"end":{"line":112,"column":47}},"loc":{"start":{"line":112,"column":52},"end":{"line":123,"column":5}},"line":112},"7":{"name":"(anonymous_7)","decl":{"start":{"line":125,"column":47},"end":{"line":125,"column":48}},"loc":{"start":{"line":125,"column":53},"end":{"line":145,"column":5}},"line":125},"8":{"name":"(anonymous_8)","decl":{"start":{"line":149,"column":14},"end":{"line":149,"column":15}},"loc":{"start":{"line":149,"column":18},"end":{"line":152,"column":5}},"line":149},"9":{"name":"(anonymous_9)","decl":{"start":{"line":154,"column":14},"end":{"line":154,"column":15}},"loc":{"start":{"line":154,"column":18},"end":{"line":161,"column":5}},"line":154},"10":{"name":"(anonymous_10)","decl":{"start":{"line":163,"column":14},"end":{"line":163,"column":15}},"loc":{"start":{"line":163,"column":18},"end":{"line":165,"column":5}},"line":163},"11":{"name":"(anonymous_11)","decl":{"start":{"line":167,"column":14},"end":{"line":167,"column":15}},"loc":{"start":{"line":167,"column":18},"end":{"line":169,"column":5}},"line":167},"12":{"name":"(anonymous_12)","decl":{"start":{"line":171,"column":14},"end":{"line":171,"column":15}},"loc":{"start":{"line":171,"column":18},"end":{"line":202,"column":5}},"line":171},"13":{"name":"(anonymous_13)","decl":{"start":{"line":172,"column":30},"end":{"line":172,"column":31}},"loc":{"start":{"line":172,"column":56},"end":{"line":195,"column":9}},"line":172},"14":{"name":"(anonymous_14)","decl":{"start":{"line":199,"column":15},"end":{"line":199,"column":16}},"loc":{"start":{"line":199,"column":19},"end":{"line":201,"column":9}},"line":199},"15":{"name":"(anonymous_15)","decl":{"start":{"line":214,"column":39},"end":{"line":214,"column":40}},"loc":{"start":{"line":214,"column":45},"end":{"line":214,"column":69}},"line":214},"16":{"name":"(anonymous_16)","decl":{"start":{"line":219,"column":39},"end":{"line":219,"column":40}},"loc":{"start":{"line":219,"column":45},"end":{"line":219,"column":68}},"line":219},"17":{"name":"(anonymous_17)","decl":{"start":{"line":223,"column":39},"end":{"line":223,"column":40}},"loc":{"start":{"line":223,"column":71},"end":{"line":239,"column":21}},"line":223},"18":{"name":"(anonymous_18)","decl":{"start":{"line":230,"column":47},"end":{"line":230,"column":48}},"loc":{"start":{"line":230,"column":53},"end":{"line":230,"column":83}},"line":230},"19":{"name":"(anonymous_19)","decl":{"start":{"line":237,"column":47},"end":{"line":237,"column":48}},"loc":{"start":{"line":237,"column":53},"end":{"line":237,"column":83}},"line":237},"20":{"name":"(anonymous_20)","decl":{"start":{"line":245,"column":33},"end":{"line":245,"column":34}},"loc":{"start":{"line":245,"column":39},"end":{"line":245,"column":61}},"line":245},"21":{"name":"(anonymous_21)","decl":{"start":{"line":251,"column":43},"end":{"line":251,"column":44}},"loc":{"start":{"line":251,"column":60},"end":{"line":259,"column":21}},"line":251},"22":{"name":"(anonymous_22)","decl":{"start":{"line":257,"column":47},"end":{"line":257,"column":48}},"loc":{"start":{"line":257,"column":53},"end":{"line":257,"column":87}},"line":257},"23":{"name":"(anonymous_23)","decl":{"start":{"line":266,"column":35},"end":{"line":266,"column":36}},"loc":{"start":{"line":266,"column":41},"end":{"line":266,"column":65}},"line":266}},"branchMap":{"0":{"loc":{"start":{"line":31,"column":8},"end":{"line":53,"column":9}},"type":"switch","locations":[{"start":{"line":32,"column":12},"end":{"line":34,"column":22}},{"start":{"line":35,"column":12},"end":{"line":37,"column":22}},{"start":{"line":38,"column":12},"end":{"line":40,"column":22}},{"start":{"line":41,"column":12},"end":{"line":50,"column":22}},{"start":{"line":51,"column":12},"end":{"line":52,"column":26}}],"line":31},"1":{"loc":{"start":{"line":42,"column":16},"end":{"line":48,"column":17}},"type":"if","locations":[{"start":{"line":42,"column":16},"end":{"line":48,"column":17}},{"start":{},"end":{}}],"line":42},"2":{"loc":{"start":{"line":54,"column":15},"end":{"line":54,"column":76}},"type":"cond-expr","locations":[{"start":{"line":54,"column":42},"end":{"line":54,"column":48}},{"start":{"line":54,"column":51},"end":{"line":54,"column":76}}],"line":54},"3":{"loc":{"start":{"line":62,"column":8},"end":{"line":69,"column":9}},"type":"if","locations":[{"start":{"line":62,"column":8},"end":{"line":69,"column":9}},{"start":{},"end":{}}],"line":62},"4":{"loc":{"start":{"line":66,"column":30},"end":{"line":66,"column":95}},"type":"cond-expr","locations":[{"start":{"line":66,"column":49},"end":{"line":66,"column":72}},{"start":{"line":66,"column":75},"end":{"line":66,"column":95}}],"line":66},"5":{"loc":{"start":{"line":78,"column":25},"end":{"line":78,"column":110}},"type":"cond-expr","locations":[{"start":{"line":78,"column":65},"end":{"line":78,"column":70}},{"start":{"line":78,"column":73},"end":{"line":78,"column":110}}],"line":78},"6":{"loc":{"start":{"line":83,"column":8},"end":{"line":85,"column":9}},"type":"if","locations":[{"start":{"line":83,"column":8},"end":{"line":85,"column":9}},{"start":{},"end":{}}],"line":83},"7":{"loc":{"start":{"line":98,"column":8},"end":{"line":102,"column":9}},"type":"if","locations":[{"start":{"line":98,"column":8},"end":{"line":102,"column":9}},{"start":{"line":100,"column":15},"end":{"line":102,"column":9}}],"line":98},"8":{"loc":{"start":{"line":99,"column":23},"end":{"line":99,"column":104}},"type":"cond-expr","locations":[{"start":{"line":99,"column":62},"end":{"line":99,"column":66}},{"start":{"line":99,"column":69},"end":{"line":99,"column":104}}],"line":99},"9":{"loc":{"start":{"line":107,"column":8},"end":{"line":109,"column":9}},"type":"if","locations":[{"start":{"line":107,"column":8},"end":{"line":109,"column":9}},{"start":{},"end":{}}],"line":107},"10":{"loc":{"start":{"line":113,"column":8},"end":{"line":122,"column":9}},"type":"if","locations":[{"start":{"line":113,"column":8},"end":{"line":122,"column":9}},{"start":{"line":118,"column":15},"end":{"line":122,"column":9}}],"line":113},"11":{"loc":{"start":{"line":118,"column":15},"end":{"line":122,"column":9}},"type":"if","locations":[{"start":{"line":118,"column":15},"end":{"line":122,"column":9}},{"start":{},"end":{}}],"line":118},"12":{"loc":{"start":{"line":126,"column":30},"end":{"line":128,"column":31}},"type":"cond-expr","locations":[{"start":{"line":127,"column":14},"end":{"line":127,"column":43}},{"start":{"line":128,"column":14},"end":{"line":128,"column":31}}],"line":126},"13":{"loc":{"start":{"line":131,"column":8},"end":{"line":133,"column":9}},"type":"if","locations":[{"start":{"line":131,"column":8},"end":{"line":133,"column":9}},{"start":{},"end":{}}],"line":131},"14":{"loc":{"start":{"line":135,"column":8},"end":{"line":137,"column":9}},"type":"if","locations":[{"start":{"line":135,"column":8},"end":{"line":137,"column":9}},{"start":{},"end":{}}],"line":135},"15":{"loc":{"start":{"line":155,"column":8},"end":{"line":158,"column":9}},"type":"if","locations":[{"start":{"line":155,"column":8},"end":{"line":158,"column":9}},{"start":{},"end":{}}],"line":155},"16":{"loc":{"start":{"line":173,"column":12},"end":{"line":194,"column":13}},"type":"switch","locations":[{"start":{"line":174,"column":16},"end":{"line":176,"column":26}},{"start":{"line":177,"column":16},"end":{"line":177,"column":25}},{"start":{"line":178,"column":16},"end":{"line":178,"column":25}},{"start":{"line":179,"column":16},"end":{"line":179,"column":25}},{"start":{"line":180,"column":16},"end":{"line":182,"column":26}},{"start":{"line":183,"column":16},"end":{"line":185,"column":26}},{"start":{"line":186,"column":16},"end":{"line":188,"column":26}},{"start":{"line":189,"column":16},"end":{"line":193,"column":26}}],"line":173},"17":{"loc":{"start":{"line":190,"column":20},"end":{"line":192,"column":21}},"type":"if","locations":[{"start":{"line":190,"column":20},"end":{"line":192,"column":21}},{"start":{},"end":{}}],"line":190},"18":{"loc":{"start":{"line":224,"column":24},"end":{"line":238,"column":25}},"type":"if","locations":[{"start":{"line":224,"column":24},"end":{"line":238,"column":25}},{"start":{"line":231,"column":31},"end":{"line":238,"column":25}}],"line":224}},"s":{"0":1,"1":164,"2":164,"3":164,"4":164,"5":164,"6":164,"7":164,"8":164,"9":164,"10":164,"11":164,"12":164,"13":164,"14":164,"15":35,"16":35,"17":35,"18":5,"19":5,"20":6,"21":6,"22":3,"23":3,"24":3,"25":1,"26":1,"27":1,"28":1,"29":1,"30":2,"31":2,"32":18,"33":16,"34":164,"35":26,"36":26,"37":26,"38":26,"39":19,"40":19,"41":19,"42":19,"43":26,"44":26,"45":164,"46":164,"47":59,"48":59,"49":59,"50":59,"51":59,"52":164,"53":5,"54":5,"55":5,"56":5,"57":164,"58":5,"59":3,"60":2,"61":5,"62":5,"63":5,"64":5,"65":164,"66":5,"67":3,"68":3,"69":3,"70":3,"71":2,"72":2,"73":2,"74":2,"75":164,"76":16,"77":16,"78":16,"79":0,"80":16,"81":0,"82":16,"83":16,"84":16,"85":16,"86":16,"87":164,"88":164,"89":49,"90":49,"91":164,"92":153,"93":49,"94":49,"95":104,"96":164,"97":93,"98":164,"99":88,"100":164,"101":49,"102":0,"103":0,"104":0,"105":0,"106":0,"107":0,"108":0,"109":0,"110":0,"111":0,"112":0,"113":0,"114":49,"115":49,"116":49,"117":164,"118":5,"119":5,"120":1640,"121":1476,"122":52,"123":164,"124":7,"125":5,"126":656,"127":26,"128":16},"f":{"0":164,"1":35,"2":26,"3":59,"4":5,"5":5,"6":5,"7":16,"8":49,"9":153,"10":93,"11":88,"12":49,"13":0,"14":49,"15":5,"16":5,"17":1640,"18":52,"19":7,"20":5,"21":656,"22":26,"23":16},"b":{"0":[5,6,3,3,18],"1":[1,2],"2":[16,0],"3":[19,7],"4":[18,1],"5":[1,58],"6":[59,0],"7":[3,2],"8":[1,2],"9":[5,0],"10":[3,2],"11":[2,0],"12":[16,0],"13":[0,16],"14":[0,16],"15":[49,104],"16":[0,0,0,0,0,0,0,0],"17":[0,0],"18":[1476,164]},"_coverageSchema":"1a1c01bbd47fc00a2c39e90264f33305004495a9","hash":"4d45a80ac15b34afc1f0b3310bebb9c9897cde15"}
,"C:\\LENA\\Portfolio\\React-Calculator\\src\\components\\Result.tsx": {"path":"C:\\LENA\\Portfolio\\React-Calculator\\src\\components\\Result.tsx","statementMap":{"0":{"start":{"line":8,"column":33},"end":{"line":12,"column":1}},"1":{"start":{"line":9,"column":4},"end":{"line":11,"column":5}}},"fnMap":{"0":{"name":"(anonymous_0)","decl":{"start":{"line":8,"column":33},"end":{"line":8,"column":34}},"loc":{"start":{"line":8,"column":46},"end":{"line":12,"column":1}},"line":8}},"branchMap":{},"s":{"0":1,"1":160},"f":{"0":160},"b":{},"_coverageSchema":"1a1c01bbd47fc00a2c39e90264f33305004495a9","hash":"8b3d8458e04eb0c3c63188f09b2bae88a861745b"}
}
