TN:
SF:src\components\Button.tsx
FN:11,(anonymous_0)
FNF:1
FNH:1
FNDA:2880,(anonymous_0)
DA:11,1
DA:12,2880
LF:2
LH:2
BRDA:14,0,0,2880
BRDA:14,0,1,0
BRF:2
BRH:1
end_of_record
TN:
SF:src\components\Field.tsx
FN:7,(anonymous_0)
FN:26,arithmeticAction
FN:57,(anonymous_2)
FN:77,(anonymous_3)
FN:88,(anonymous_4)
FN:95,(anonymous_5)
FN:112,(anonymous_6)
FN:125,(anonymous_7)
FN:149,(anonymous_8)
FN:154,(anonymous_9)
FN:163,(anonymous_10)
FN:167,(anonymous_11)
FN:171,(anonymous_12)
FN:172,(anonymous_13)
FN:199,(anonymous_14)
FN:214,(anonymous_15)
FN:219,(anonymous_16)
FN:223,(anonymous_17)
FN:230,(anonymous_18)
FN:237,(anonymous_19)
FN:245,(anonymous_20)
FN:251,(anonymous_21)
FN:257,(anonymous_22)
FN:266,(anonymous_23)
FNF:24
FNH:23
FNDA:164,(anonymous_0)
FNDA:35,arithmeticAction
FNDA:26,(anonymous_2)
FNDA:59,(anonymous_3)
FNDA:5,(anonymous_4)
FNDA:5,(anonymous_5)
FNDA:5,(anonymous_6)
FNDA:16,(anonymous_7)
FNDA:49,(anonymous_8)
FNDA:153,(anonymous_9)
FNDA:93,(anonymous_10)
FNDA:88,(anonymous_11)
FNDA:49,(anonymous_12)
FNDA:0,(anonymous_13)
FNDA:49,(anonymous_14)
FNDA:5,(anonymous_15)
FNDA:5,(anonymous_16)
FNDA:1640,(anonymous_17)
FNDA:52,(anonymous_18)
FNDA:7,(anonymous_19)
FNDA:5,(anonymous_20)
FNDA:656,(anonymous_21)
FNDA:26,(anonymous_22)
FNDA:16,(anonymous_23)
DA:7,1
DA:8,164
DA:9,164
DA:10,164
DA:12,164
DA:13,164
DA:14,164
DA:16,164
DA:17,164
DA:19,164
DA:20,164
DA:21,164
DA:22,164
DA:23,164
DA:24,164
DA:27,35
DA:28,35
DA:31,35
DA:33,5
DA:34,5
DA:36,6
DA:37,6
DA:39,3
DA:40,3
DA:42,3
DA:43,1
DA:44,1
DA:45,1
DA:46,1
DA:47,1
DA:49,2
DA:50,2
DA:52,18
DA:54,16
DA:57,164
DA:58,26
DA:59,26
DA:60,26
DA:62,26
DA:64,19
DA:66,19
DA:67,19
DA:68,19
DA:71,26
DA:72,26
DA:75,164
DA:77,164
DA:78,59
DA:79,59
DA:81,59
DA:83,59
DA:84,59
DA:88,164
DA:89,5
DA:90,5
DA:91,5
DA:92,5
DA:95,164
DA:98,5
DA:99,3
DA:101,2
DA:104,5
DA:105,5
DA:107,5
DA:108,5
DA:112,164
DA:113,5
DA:114,3
DA:115,3
DA:116,3
DA:117,3
DA:118,2
DA:119,2
DA:120,2
DA:121,2
DA:125,164
DA:126,16
DA:129,16
DA:131,16
DA:132,0
DA:135,16
DA:136,0
DA:139,16
DA:141,16
DA:142,16
DA:143,16
DA:144,16
DA:147,164
DA:149,164
DA:150,49
DA:151,49
DA:154,164
DA:155,153
DA:156,49
DA:157,49
DA:160,104
DA:163,164
DA:164,93
DA:167,164
DA:168,88
DA:171,164
DA:172,49
DA:173,0
DA:175,0
DA:176,0
DA:181,0
DA:182,0
DA:184,0
DA:185,0
DA:187,0
DA:188,0
DA:190,0
DA:191,0
DA:193,0
DA:197,49
DA:199,49
DA:200,49
DA:204,164
DA:214,5
DA:219,5
DA:224,1640
DA:225,1476
DA:230,52
DA:232,164
DA:237,7
DA:245,5
DA:252,656
DA:257,26
DA:266,16
LF:129
LH:115
BRDA:31,0,0,5
BRDA:31,0,1,6
BRDA:31,0,2,3
BRDA:31,0,3,3
BRDA:31,0,4,18
BRDA:42,1,0,1
BRDA:42,1,1,2
BRDA:54,2,0,16
BRDA:54,2,1,0
BRDA:62,3,0,19
BRDA:62,3,1,7
BRDA:66,4,0,18
BRDA:66,4,1,1
BRDA:78,5,0,1
BRDA:78,5,1,58
BRDA:83,6,0,59
BRDA:83,6,1,0
BRDA:98,7,0,3
BRDA:98,7,1,2
BRDA:99,8,0,1
BRDA:99,8,1,2
BRDA:107,9,0,5
BRDA:107,9,1,0
BRDA:113,10,0,3
BRDA:113,10,1,2
BRDA:118,11,0,2
BRDA:118,11,1,0
BRDA:126,12,0,16
BRDA:126,12,1,0
BRDA:131,13,0,0
BRDA:131,13,1,16
BRDA:135,14,0,0
BRDA:135,14,1,16
BRDA:155,15,0,49
BRDA:155,15,1,104
BRDA:173,16,0,0
BRDA:173,16,1,0
BRDA:173,16,2,0
BRDA:173,16,3,0
BRDA:173,16,4,0
BRDA:173,16,5,0
BRDA:173,16,6,0
BRDA:173,16,7,0
BRDA:190,17,0,0
BRDA:190,17,1,0
BRDA:224,18,0,1476
BRDA:224,18,1,164
BRF:47
BRH:30
end_of_record
TN:
SF:src\components\Result.tsx
FN:8,(anonymous_0)
FNF:1
FNH:1
FNDA:160,(anonymous_0)
DA:8,1
DA:9,160
LF:2
LH:2
BRF:0
BRH:0
end_of_record
